build/app/intermediates/manifest_merge_blame_file/debug/manifest-merger-blame-debug-report.txt
1<?xml version="1.0" encoding="utf-8"?>
2<manifest xmlns:android="http://schemas.android.com/apk/res/android"
3    package="com.iqonic.bookkart"
4    android:versionCode="13"
5    android:versionName="11.0.1" >
6
7    <uses-sdk
8        android:minSdkVersion="21"
9        android:targetSdkVersion="30" />
10    <!--
11         Flutter needs it to communicate with the running application
12         to allow setting breakpoints, to provide hot reload, etc.
13    -->
14    <uses-permission android:name="android.permission.INTERNET" />
14-->src\main\AndroidManifest.xml:10:5-67
14-->src\main\AndroidManifest.xml:10:22-64
15    <uses-permission android:name="android.permission.ACCESS_NETWORK_STATE" />
15-->src\main\AndroidManifest.xml:11:5-79
15-->src\main\AndroidManifest.xml:11:22-76
16    <uses-permission android:name="android.permission.READ_EXTERNAL_STORAGE" />
16-->src\main\AndroidManifest.xml:12:5-80
16-->src\main\AndroidManifest.xml:12:22-77
17    <uses-permission android:name="android.permission.WRITE_EXTERNAL_STORAGE" />
17-->src\main\AndroidManifest.xml:13:5-81
17-->src\main\AndroidManifest.xml:13:22-78
18    <uses-permission android:name="android.permission.CAMERA" /> <!-- Create a unique permission for your app and use it so only your app can receive your OneSignal messages. -->
18-->src\main\AndroidManifest.xml:14:5-65
18-->src\main\AndroidManifest.xml:14:22-62
19    <permission
19-->[com.onesignal:OneSignal:4.3.3] AndroidManifest.xml:7:5-9:47
20        android:name="com.iqonic.bookkart.permission.C2D_MESSAGE"
20-->[com.onesignal:OneSignal:4.3.3] AndroidManifest.xml:8:9-63
21        android:protectionLevel="signature" />
21-->[com.onesignal:OneSignal:4.3.3] AndroidManifest.xml:9:9-44
22
23    <uses-permission android:name="com.iqonic.bookkart.permission.C2D_MESSAGE" /> <!-- c2dm RECEIVE are basic requirements for push messages through Google's FCM -->
23-->[com.onesignal:OneSignal:4.3.3] AndroidManifest.xml:11:5-79
23-->[com.onesignal:OneSignal:4.3.3] AndroidManifest.xml:11:22-76
24    <uses-permission android:name="com.google.android.c2dm.permission.RECEIVE" /> <!-- Required, makes sure notifications are delivered on time. -->
24-->[com.onesignal:OneSignal:4.3.3] AndroidManifest.xml:17:5-82
24-->[com.onesignal:OneSignal:4.3.3] AndroidManifest.xml:17:22-79
25    <uses-permission android:name="android.permission.WAKE_LOCK" />
25-->[com.onesignal:OneSignal:4.3.3] AndroidManifest.xml:18:5-68
25-->[com.onesignal:OneSignal:4.3.3] AndroidManifest.xml:18:22-65
26    <!--
27 Required so the device vibrates on receiving a push notification.
28         Vibration settings of the device still apply.
29    -->
30    <uses-permission android:name="android.permission.VIBRATE" />
30-->[com.onesignal:OneSignal:4.3.3] AndroidManifest.xml:23:5-66
30-->[com.onesignal:OneSignal:4.3.3] AndroidManifest.xml:23:22-63
31    <!--
32 Use to restore notifications the user hasn't interacted with.
33         They could be missed notifications if the user reboots their device if this isn't in place.
34    -->
35    <uses-permission android:name="android.permission.RECEIVE_BOOT_COMPLETED" /> <!-- START: ShortcutBadger -->
35-->[com.onesignal:OneSignal:4.3.3] AndroidManifest.xml:29:5-81
35-->[com.onesignal:OneSignal:4.3.3] AndroidManifest.xml:29:22-78
36    <!-- Samsung -->
37    <uses-permission android:name="com.sec.android.provider.badge.permission.READ" />
37-->[com.onesignal:OneSignal:4.3.3] AndroidManifest.xml:31:5-86
37-->[com.onesignal:OneSignal:4.3.3] AndroidManifest.xml:31:22-83
38    <uses-permission android:name="com.sec.android.provider.badge.permission.WRITE" /> <!-- HTC -->
38-->[com.onesignal:OneSignal:4.3.3] AndroidManifest.xml:32:5-87
38-->[com.onesignal:OneSignal:4.3.3] AndroidManifest.xml:32:22-84
39    <uses-permission android:name="com.htc.launcher.permission.READ_SETTINGS" />
39-->[com.onesignal:OneSignal:4.3.3] AndroidManifest.xml:33:5-81
39-->[com.onesignal:OneSignal:4.3.3] AndroidManifest.xml:33:22-78
40    <uses-permission android:name="com.htc.launcher.permission.UPDATE_SHORTCUT" /> <!-- Sony -->
40-->[com.onesignal:OneSignal:4.3.3] AndroidManifest.xml:34:5-83
40-->[com.onesignal:OneSignal:4.3.3] AndroidManifest.xml:34:22-80
41    <uses-permission android:name="com.sonyericsson.home.permission.BROADCAST_BADGE" />
41-->[com.onesignal:OneSignal:4.3.3] AndroidManifest.xml:35:5-88
41-->[com.onesignal:OneSignal:4.3.3] AndroidManifest.xml:35:22-85
42    <uses-permission android:name="com.sonymobile.home.permission.PROVIDER_INSERT_BADGE" /> <!-- Apex -->
42-->[com.onesignal:OneSignal:4.3.3] AndroidManifest.xml:36:5-92
42-->[com.onesignal:OneSignal:4.3.3] AndroidManifest.xml:36:22-89
43    <uses-permission android:name="com.anddoes.launcher.permission.UPDATE_COUNT" /> <!-- Solid -->
43-->[com.onesignal:OneSignal:4.3.3] AndroidManifest.xml:37:5-84
43-->[com.onesignal:OneSignal:4.3.3] AndroidManifest.xml:37:22-81
44    <uses-permission android:name="com.majeur.launcher.permission.UPDATE_BADGE" /> <!-- Huawei -->
44-->[com.onesignal:OneSignal:4.3.3] AndroidManifest.xml:38:5-83
44-->[com.onesignal:OneSignal:4.3.3] AndroidManifest.xml:38:22-80
45    <uses-permission android:name="com.huawei.android.launcher.permission.CHANGE_BADGE" />
45-->[com.onesignal:OneSignal:4.3.3] AndroidManifest.xml:39:5-91
45-->[com.onesignal:OneSignal:4.3.3] AndroidManifest.xml:39:22-88
46    <uses-permission android:name="com.huawei.android.launcher.permission.READ_SETTINGS" />
46-->[com.onesignal:OneSignal:4.3.3] AndroidManifest.xml:40:5-92
46-->[com.onesignal:OneSignal:4.3.3] AndroidManifest.xml:40:22-89
47    <uses-permission android:name="com.huawei.android.launcher.permission.WRITE_SETTINGS" /> <!-- ZUK -->
47-->[com.onesignal:OneSignal:4.3.3] AndroidManifest.xml:41:5-93
47-->[com.onesignal:OneSignal:4.3.3] AndroidManifest.xml:41:22-90
48    <uses-permission android:name="android.permission.READ_APP_BADGE" /> <!-- OPPO -->
48-->[com.onesignal:OneSignal:4.3.3] AndroidManifest.xml:42:5-73
48-->[com.onesignal:OneSignal:4.3.3] AndroidManifest.xml:42:22-70
49    <uses-permission android:name="com.oppo.launcher.permission.READ_SETTINGS" />
49-->[com.onesignal:OneSignal:4.3.3] AndroidManifest.xml:43:5-82
49-->[com.onesignal:OneSignal:4.3.3] AndroidManifest.xml:43:22-79
50    <uses-permission android:name="com.oppo.launcher.permission.WRITE_SETTINGS" /> <!-- EvMe -->
50-->[com.onesignal:OneSignal:4.3.3] AndroidManifest.xml:44:5-83
50-->[com.onesignal:OneSignal:4.3.3] AndroidManifest.xml:44:22-80
51    <uses-permission android:name="me.everything.badger.permission.BADGE_COUNT_READ" />
51-->[com.onesignal:OneSignal:4.3.3] AndroidManifest.xml:45:5-88
51-->[com.onesignal:OneSignal:4.3.3] AndroidManifest.xml:45:22-85
52    <uses-permission android:name="me.everything.badger.permission.BADGE_COUNT_WRITE" />
52-->[com.onesignal:OneSignal:4.3.3] AndroidManifest.xml:46:5-89
52-->[com.onesignal:OneSignal:4.3.3] AndroidManifest.xml:46:22-86
53    <uses-permission android:name="android.permission.FOREGROUND_SERVICE" />
53-->[androidx.work:work-runtime:2.5.0] AndroidManifest.xml:28:5-77
53-->[androidx.work:work-runtime:2.5.0] AndroidManifest.xml:28:22-74
54    <uses-permission android:name="com.google.android.finsky.permission.BIND_GET_INSTALL_REFERRER_SERVICE" />
54-->[com.google.android.gms:play-services-measurement:19.0.0] AndroidManifest.xml:26:5-110
54-->[com.google.android.gms:play-services-measurement:19.0.0] AndroidManifest.xml:26:22-107
55
56    <application
56-->src\main\AndroidManifest.xml:16:5-85:19
57        android:name="io.flutter.app.FlutterApplication"
57-->src\main\AndroidManifest.xml:17:9-57
58        android:allowBackup="true"
58-->[com.jideguru:folioreader:0.6.2] AndroidManifest.xml:17:9-35
59        android:appComponentFactory="androidx.core.app.CoreComponentFactory"
59-->[androidx.core:core:1.5.0] AndroidManifest.xml:24:18-86
60        android:debuggable="true"
61        android:icon="@mipmap/ic_launcher"
61-->src\main\AndroidManifest.xml:18:9-43
62        android:label="Bookkart"
62-->src\main\AndroidManifest.xml:19:9-33
63        android:networkSecurityConfig="@xml/network_security_config"
63-->[com.jideguru:folioreader:0.6.2] AndroidManifest.xml:18:9-69
64        android:requestLegacyExternalStorage="true"
64-->src\main\AndroidManifest.xml:20:9-52
65        android:supportsRtl="true" >
65-->[com.github.codetoart:r2-shared-kotlin:1.0.4-2] AndroidManifest.xml:20:9-35
66        <meta-data
66-->src\main\AndroidManifest.xml:21:9-23:69
67            android:name="com.google.android.gms.ads.APPLICATION_ID"
67-->src\main\AndroidManifest.xml:22:13-69
68            android:value="ca-app-pub-3940256099942544~3347511713" />
68-->src\main\AndroidManifest.xml:23:13-67
69
70        <activity
70-->src\main\AndroidManifest.xml:24:9-54:20
71            android:name="com.example.ebook_flutter.MainActivity"
71-->src\main\AndroidManifest.xml:25:13-41
72            android:configChanges="orientation|keyboardHidden|keyboard|screenSize|smallestScreenSize|locale|layoutDirection|fontScale|screenLayout|density|uiMode"
72-->src\main\AndroidManifest.xml:26:13-163
73            android:hardwareAccelerated="true"
73-->src\main\AndroidManifest.xml:27:13-47
74            android:launchMode="singleTop"
74-->src\main\AndroidManifest.xml:28:13-43
75            android:networkSecurityConfig="@xml/network_security_config"
75-->src\main\AndroidManifest.xml:29:13-73
76            android:theme="@style/LaunchTheme"
76-->src\main\AndroidManifest.xml:30:13-47
77            android:windowSoftInputMode="adjustResize" >
77-->src\main\AndroidManifest.xml:31:13-55
78
79            <!--
80                 Specifies an Android theme to apply to this Activity as soon as
81                 the Android process has started. This theme is visible to the user
82                 while the Flutter UI initializes. After that, this theme continues
83                 to determine the Window background behind the Flutter UI.
84            -->
85
86            <meta-data
86-->src\main\AndroidManifest.xml:38:13-40:57
87                android:name="io.flutter.embedding.android.NormalTheme"
87-->src\main\AndroidManifest.xml:39:17-72
88                android:resource="@style/NormalTheme" />
88-->src\main\AndroidManifest.xml:40:17-54
89            <!--
90                 Displays an Android View that continues showing the launch screen
91                 Drawable until Flutter paints its first frame, then this splash
92                 screen fades out. A splash screen is useful to avoid any visual
93                 gap between the end of Android's launch screen and the painting of
94                 Flutter's first frame.
95            -->
96            <meta-data
96-->src\main\AndroidManifest.xml:46:13-48:66
97                android:name="io.flutter.embedding.android.SplashScreenDrawable"
97-->src\main\AndroidManifest.xml:47:17-81
98                android:resource="@drawable/launch_background" />
98-->src\main\AndroidManifest.xml:48:17-63
99
100            <intent-filter>
100-->src\main\AndroidManifest.xml:50:13-53:29
101                <action android:name="android.intent.action.MAIN" />
101-->src\main\AndroidManifest.xml:51:17-69
101-->src\main\AndroidManifest.xml:51:25-66
102
103                <category android:name="android.intent.category.LAUNCHER" />
103-->src\main\AndroidManifest.xml:52:17-77
103-->src\main\AndroidManifest.xml:52:27-74
104            </intent-filter>
105        </activity>
106        <!--
107             Don't delete the meta-data below.
108             This is used by the Flutter tool to generate GeneratedPluginRegistrant.java
109        -->
110        <meta-data
110-->src\main\AndroidManifest.xml:57:9-59:33
111            android:name="flutterEmbedding"
111-->src\main\AndroidManifest.xml:58:13-44
112            android:value="2" />
112-->src\main\AndroidManifest.xml:59:13-30
113
114        <provider
115            android:name="vn.hunghd.flutterdownloader.DownloadedFileProvider"
116            android:authorities="com.iqonic.bookkart.flutter_downloader.provider"
117            android:exported="false"
118            android:grantUriPermissions="true" >
119            <meta-data
119-->[:image_picker] AndroidManifest.xml:13:13-15:75
120                android:name="android.support.FILE_PROVIDER_PATHS"
120-->[:image_picker] AndroidManifest.xml:14:17-67
121                android:resource="@xml/provider_paths" />
121-->[:image_picker] AndroidManifest.xml:15:17-72
122        </provider>
123        <provider
124            android:name="androidx.work.impl.WorkManagerInitializer"
125            android:authorities="com.iqonic.bookkart.workmanager-init"
126            android:directBootAware="false"
126-->[androidx.work:work-runtime:2.5.0] AndroidManifest.xml:34:13-44
127            android:enabled="false"
128            android:exported="false"
129            android:multiprocess="true" />
129-->[androidx.work:work-runtime:2.5.0] AndroidManifest.xml:36:13-40
130        <provider
131            android:name="vn.hunghd.flutterdownloader.FlutterDownloaderInitializer"
132            android:authorities="com.iqonic.bookkart.flutter-downloader-init"
133            android:exported="false" >
134            <meta-data
135                android:name="vn.hunghd.flutterdownloader.MAX_CONCURRENT_TASKS"
136                android:value="5" />
137        </provider>
138        <provider
138-->[:image_picker] AndroidManifest.xml:8:9-16:20
139            android:name="io.flutter.plugins.imagepicker.ImagePickerFileProvider"
139-->[:image_picker] AndroidManifest.xml:9:13-82
140            android:authorities="com.iqonic.bookkart.flutter.image_provider"
140-->[:image_picker] AndroidManifest.xml:10:13-74
141            android:exported="false"
141-->[:image_picker] AndroidManifest.xml:11:13-37
142            android:grantUriPermissions="true" >
142-->[:image_picker] AndroidManifest.xml:12:13-47
143            <meta-data
143-->[:image_picker] AndroidManifest.xml:13:13-15:75
144                android:name="android.support.FILE_PROVIDER_PATHS"
144-->[:image_picker] AndroidManifest.xml:14:17-67
145                android:resource="@xml/flutter_image_picker_file_paths" />
145-->[:image_picker] AndroidManifest.xml:15:17-72
146        </provider>
147
148        <service
148-->[:firebase_auth] AndroidManifest.xml:8:9-12:19
149            android:name="com.google.firebase.components.ComponentDiscoveryService"
149-->[:firebase_auth] AndroidManifest.xml:8:18-89
150            android:directBootAware="true"
150-->[com.google.firebase:firebase-common:20.0.0] AndroidManifest.xml:35:13-43
151            android:exported="false" >
151-->[com.google.firebase:firebase-crashlytics:18.0.1] AndroidManifest.xml:17:13-37
152            <meta-data
152-->[:firebase_auth] AndroidManifest.xml:9:13-11:85
153                android:name="com.google.firebase.components:io.flutter.plugins.firebase.auth.FlutterFirebaseAuthRegistrar"
153-->[:firebase_auth] AndroidManifest.xml:10:17-124
154                android:value="com.google.firebase.components.ComponentRegistrar" />
154-->[:firebase_auth] AndroidManifest.xml:11:17-82
155            <meta-data
155-->[:firebase_crashlytics] AndroidManifest.xml:9:13-11:85
156                android:name="com.google.firebase.components:io.flutter.plugins.firebase.crashlytics.FlutterFirebaseAppRegistrar"
156-->[:firebase_crashlytics] AndroidManifest.xml:10:17-130
157                android:value="com.google.firebase.components.ComponentRegistrar" />
157-->[:firebase_crashlytics] AndroidManifest.xml:11:17-82
158            <meta-data
158-->[:firebase_core] AndroidManifest.xml:9:13-11:85
159                android:name="com.google.firebase.components:io.flutter.plugins.firebase.core.FlutterFirebaseCoreRegistrar"
159-->[:firebase_core] AndroidManifest.xml:10:17-124
160                android:value="com.google.firebase.components.ComponentRegistrar" />
160-->[:firebase_core] AndroidManifest.xml:11:17-82
161            <meta-data
161-->[com.google.firebase:firebase-crashlytics:18.0.1] AndroidManifest.xml:18:13-20:85
162                android:name="com.google.firebase.components:com.google.firebase.crashlytics.CrashlyticsRegistrar"
162-->[com.google.firebase:firebase-crashlytics:18.0.1] AndroidManifest.xml:19:17-115
163                android:value="com.google.firebase.components.ComponentRegistrar" />
163-->[com.google.firebase:firebase-crashlytics:18.0.1] AndroidManifest.xml:20:17-82
164            <meta-data
164-->[com.google.firebase:firebase-auth:21.0.1] AndroidManifest.xml:77:13-79:85
165                android:name="com.google.firebase.components:com.google.firebase.auth.FirebaseAuthRegistrar"
165-->[com.google.firebase:firebase-auth:21.0.1] AndroidManifest.xml:78:17-109
166                android:value="com.google.firebase.components.ComponentRegistrar" />
166-->[com.google.firebase:firebase-auth:21.0.1] AndroidManifest.xml:79:17-82
167            <meta-data
167-->[com.google.firebase:firebase-messaging:22.0.0] AndroidManifest.xml:52:13-54:85
168                android:name="com.google.firebase.components:com.google.firebase.messaging.FirebaseMessagingRegistrar"
168-->[com.google.firebase:firebase-messaging:22.0.0] AndroidManifest.xml:53:17-119
169                android:value="com.google.firebase.components.ComponentRegistrar" />
169-->[com.google.firebase:firebase-messaging:22.0.0] AndroidManifest.xml:54:17-82
170            <meta-data
170-->[com.google.android.gms:play-services-measurement-api:19.0.0] AndroidManifest.xml:30:13-32:85
171                android:name="com.google.firebase.components:com.google.firebase.analytics.connector.internal.AnalyticsConnectorRegistrar"
171-->[com.google.android.gms:play-services-measurement-api:19.0.0] AndroidManifest.xml:31:17-139
172                android:value="com.google.firebase.components.ComponentRegistrar" />
172-->[com.google.android.gms:play-services-measurement-api:19.0.0] AndroidManifest.xml:32:17-82
173            <meta-data
173-->[com.google.firebase:firebase-datatransport:18.0.0] AndroidManifest.xml:28:13-30:85
174                android:name="com.google.firebase.components:com.google.firebase.datatransport.TransportRegistrar"
174-->[com.google.firebase:firebase-datatransport:18.0.0] AndroidManifest.xml:29:17-115
175                android:value="com.google.firebase.components.ComponentRegistrar" />
175-->[com.google.firebase:firebase-datatransport:18.0.0] AndroidManifest.xml:30:17-82
176            <meta-data
176-->[com.google.firebase:firebase-installations:17.0.0] AndroidManifest.xml:18:13-20:85
177                android:name="com.google.firebase.components:com.google.firebase.installations.FirebaseInstallationsRegistrar"
177-->[com.google.firebase:firebase-installations:17.0.0] AndroidManifest.xml:19:17-127
178                android:value="com.google.firebase.components.ComponentRegistrar" />
178-->[com.google.firebase:firebase-installations:17.0.0] AndroidManifest.xml:20:17-82
179        </service>
180
181        <activity
181-->[:url_launcher] AndroidManifest.xml:8:9-11:74
182            android:name="io.flutter.plugins.urllauncher.WebViewActivity"
182-->[:url_launcher] AndroidManifest.xml:9:13-74
183            android:exported="false"
183-->[:url_launcher] AndroidManifest.xml:10:13-37
184            android:theme="@android:style/Theme.NoTitleBar.Fullscreen" />
184-->[:url_launcher] AndroidManifest.xml:11:13-71
185
186        <receiver
186-->[com.onesignal:OneSignal:4.3.3] AndroidManifest.xml:49:9-59:20
187            android:name="com.onesignal.FCMBroadcastReceiver"
187-->[com.onesignal:OneSignal:4.3.3] AndroidManifest.xml:50:13-62
188            android:permission="com.google.android.c2dm.permission.SEND" >
188-->[com.onesignal:OneSignal:4.3.3] AndroidManifest.xml:51:13-73
189
190            <!-- High priority so OneSignal payloads can be filtered from other FCM receivers -->
191            <intent-filter android:priority="999" >
191-->[com.onesignal:OneSignal:4.3.3] AndroidManifest.xml:54:13-58:29
191-->[com.onesignal:OneSignal:4.3.3] AndroidManifest.xml:54:28-50
192                <action android:name="com.google.android.c2dm.intent.RECEIVE" />
192-->[com.onesignal:OneSignal:4.3.3] AndroidManifest.xml:55:17-81
192-->[com.onesignal:OneSignal:4.3.3] AndroidManifest.xml:55:25-78
193
194                <category android:name="com.iqonic.bookkart" />
194-->[com.onesignal:OneSignal:4.3.3] AndroidManifest.xml:57:17-61
194-->[com.onesignal:OneSignal:4.3.3] AndroidManifest.xml:57:27-58
195            </intent-filter>
196        </receiver>
197
198        <service
198-->[com.onesignal:OneSignal:4.3.3] AndroidManifest.xml:61:9-67:19
199            android:name="com.onesignal.HmsMessageServiceOneSignal"
199-->[com.onesignal:OneSignal:4.3.3] AndroidManifest.xml:62:13-68
200            android:exported="false" >
200-->[com.onesignal:OneSignal:4.3.3] AndroidManifest.xml:63:13-37
201            <intent-filter>
201-->[com.onesignal:OneSignal:4.3.3] AndroidManifest.xml:64:13-66:29
202                <action android:name="com.huawei.push.action.MESSAGING_EVENT" />
202-->[com.onesignal:OneSignal:4.3.3] AndroidManifest.xml:65:17-81
202-->[com.onesignal:OneSignal:4.3.3] AndroidManifest.xml:65:25-78
203            </intent-filter>
204        </service>
205
206        <activity
206-->[com.onesignal:OneSignal:4.3.3] AndroidManifest.xml:69:9-76:20
207            android:name="com.onesignal.NotificationOpenedActivityHMS"
207-->[com.onesignal:OneSignal:4.3.3] AndroidManifest.xml:70:13-71
208            android:noHistory="true"
208-->[com.onesignal:OneSignal:4.3.3] AndroidManifest.xml:71:13-37
209            android:theme="@android:style/Theme.Translucent.NoTitleBar" >
209-->[com.onesignal:OneSignal:4.3.3] AndroidManifest.xml:72:13-72
210            <intent-filter>
210-->[com.onesignal:OneSignal:4.3.3] AndroidManifest.xml:73:13-75:29
211                <action android:name="android.intent.action.VIEW" />
211-->[com.onesignal:OneSignal:4.3.3] AndroidManifest.xml:74:17-69
211-->[com.onesignal:OneSignal:4.3.3] AndroidManifest.xml:74:25-66
212            </intent-filter>
213        </activity>
214
215        <service android:name="com.onesignal.FCMIntentService" />
215-->[com.onesignal:OneSignal:4.3.3] AndroidManifest.xml:78:9-66
215-->[com.onesignal:OneSignal:4.3.3] AndroidManifest.xml:78:18-63
216        <service
216-->[com.onesignal:OneSignal:4.3.3] AndroidManifest.xml:79:9-81:72
217            android:name="com.onesignal.FCMIntentJobService"
217-->[com.onesignal:OneSignal:4.3.3] AndroidManifest.xml:80:13-61
218            android:permission="android.permission.BIND_JOB_SERVICE" />
218-->[com.onesignal:OneSignal:4.3.3] AndroidManifest.xml:81:13-69
219        <service
219-->[com.onesignal:OneSignal:4.3.3] AndroidManifest.xml:82:9-84:43
220            android:name="com.onesignal.FocusDelaySyncService"
220-->[com.onesignal:OneSignal:4.3.3] AndroidManifest.xml:83:13-63
221            android:stopWithTask="true" />
221-->[com.onesignal:OneSignal:4.3.3] AndroidManifest.xml:84:13-40
222        <service
222-->[com.onesignal:OneSignal:4.3.3] AndroidManifest.xml:85:9-87:72
223            android:name="com.onesignal.FocusDelaySyncJobService"
223-->[com.onesignal:OneSignal:4.3.3] AndroidManifest.xml:86:13-66
224            android:permission="android.permission.BIND_JOB_SERVICE" />
224-->[com.onesignal:OneSignal:4.3.3] AndroidManifest.xml:87:13-69
225        <service
225-->[com.onesignal:OneSignal:4.3.3] AndroidManifest.xml:88:9-90:43
226            android:name="com.onesignal.SyncService"
226-->[com.onesignal:OneSignal:4.3.3] AndroidManifest.xml:89:13-53
227            android:stopWithTask="true" />
227-->[com.onesignal:OneSignal:4.3.3] AndroidManifest.xml:90:13-40
228        <service
228-->[com.onesignal:OneSignal:4.3.3] AndroidManifest.xml:91:9-93:72
229            android:name="com.onesignal.SyncJobService"
229-->[com.onesignal:OneSignal:4.3.3] AndroidManifest.xml:92:13-56
230            android:permission="android.permission.BIND_JOB_SERVICE" />
230-->[com.onesignal:OneSignal:4.3.3] AndroidManifest.xml:93:13-69
231
232        <activity
232-->[com.onesignal:OneSignal:4.3.3] AndroidManifest.xml:95:9-97:75
233            android:name="com.onesignal.PermissionsActivity"
233-->[com.onesignal:OneSignal:4.3.3] AndroidManifest.xml:96:13-61
234            android:theme="@android:style/Theme.Translucent.NoTitleBar" />
234-->[com.onesignal:OneSignal:4.3.3] AndroidManifest.xml:97:13-72
235
236        <receiver android:name="com.onesignal.NotificationDismissReceiver" />
236-->[com.onesignal:OneSignal:4.3.3] AndroidManifest.xml:99:9-78
236-->[com.onesignal:OneSignal:4.3.3] AndroidManifest.xml:99:19-75
237        <receiver android:name="com.onesignal.BootUpReceiver" >
237-->[com.onesignal:OneSignal:4.3.3] AndroidManifest.xml:100:9-105:20
237-->[com.onesignal:OneSignal:4.3.3] AndroidManifest.xml:100:19-62
238            <intent-filter>
238-->[com.onesignal:OneSignal:4.3.3] AndroidManifest.xml:101:13-104:29
239                <action android:name="android.intent.action.BOOT_COMPLETED" />
239-->[com.onesignal:OneSignal:4.3.3] AndroidManifest.xml:102:17-79
239-->[com.onesignal:OneSignal:4.3.3] AndroidManifest.xml:102:25-76
240                <action android:name="android.intent.action.QUICKBOOT_POWERON" />
240-->[com.onesignal:OneSignal:4.3.3] AndroidManifest.xml:103:17-82
240-->[com.onesignal:OneSignal:4.3.3] AndroidManifest.xml:103:25-79
241            </intent-filter>
242        </receiver>
243        <receiver android:name="com.onesignal.UpgradeReceiver" >
243-->[com.onesignal:OneSignal:4.3.3] AndroidManifest.xml:106:9-110:20
243-->[com.onesignal:OneSignal:4.3.3] AndroidManifest.xml:106:19-63
244            <intent-filter>
244-->[com.onesignal:OneSignal:4.3.3] AndroidManifest.xml:107:13-109:29
245                <action android:name="android.intent.action.MY_PACKAGE_REPLACED" />
245-->[com.onesignal:OneSignal:4.3.3] AndroidManifest.xml:108:17-84
245-->[com.onesignal:OneSignal:4.3.3] AndroidManifest.xml:108:25-81
246            </intent-filter>
247        </receiver>
248
249        <activity
249-->[com.onesignal:OneSignal:4.3.3] AndroidManifest.xml:112:9-115:75
250            android:name="com.onesignal.NotificationOpenedReceiver"
250-->[com.onesignal:OneSignal:4.3.3] AndroidManifest.xml:113:13-68
251            android:noHistory="true"
251-->[com.onesignal:OneSignal:4.3.3] AndroidManifest.xml:114:13-37
252            android:theme="@android:style/Theme.Translucent.NoTitleBar" />
252-->[com.onesignal:OneSignal:4.3.3] AndroidManifest.xml:115:13-72
253
254        <provider
254-->[com.jideguru:folioreader:0.6.2] AndroidManifest.xml:20:9-23:40
255            android:name="com.folioreader.AppContext"
255-->[com.jideguru:folioreader:0.6.2] AndroidManifest.xml:21:13-54
256            android:authorities="com.iqonic.bookkart.provider.appcontext"
256-->[com.jideguru:folioreader:0.6.2] AndroidManifest.xml:22:13-71
257            android:exported="false" />
257-->[com.jideguru:folioreader:0.6.2] AndroidManifest.xml:23:13-37
258
259        <activity
259-->[com.jideguru:folioreader:0.6.2] AndroidManifest.xml:25:9-28:60
260            android:name="com.folioreader.ui.activity.FolioActivity"
260-->[com.jideguru:folioreader:0.6.2] AndroidManifest.xml:26:13-69
261            android:label="@string/app_name"
261-->[com.jideguru:folioreader:0.6.2] AndroidManifest.xml:27:13-45
262            android:theme="@style/FolioActivityDayTheme" />
262-->[com.jideguru:folioreader:0.6.2] AndroidManifest.xml:28:13-57
263        <activity
263-->[com.jideguru:folioreader:0.6.2] AndroidManifest.xml:29:9-31:59
264            android:name="com.folioreader.ui.activity.ContentHighlightActivity"
264-->[com.jideguru:folioreader:0.6.2] AndroidManifest.xml:30:13-80
265            android:theme="@style/AppTheme.NoActionBar" />
265-->[com.jideguru:folioreader:0.6.2] AndroidManifest.xml:31:13-56
266        <activity
266-->[com.jideguru:folioreader:0.6.2] AndroidManifest.xml:32:9-42:20
267            android:name="com.folioreader.ui.activity.SearchActivity"
267-->[com.jideguru:folioreader:0.6.2] AndroidManifest.xml:33:13-70
268            android:launchMode="singleTop" >
268-->[com.jideguru:folioreader:0.6.2] AndroidManifest.xml:34:13-43
269            <intent-filter>
269-->[com.jideguru:folioreader:0.6.2] AndroidManifest.xml:35:13-37:29
270                <action android:name="android.intent.action.SEARCH" />
270-->[com.jideguru:folioreader:0.6.2] AndroidManifest.xml:36:17-71
270-->[com.jideguru:folioreader:0.6.2] AndroidManifest.xml:36:25-68
271            </intent-filter>
272
273            <meta-data
273-->[com.jideguru:folioreader:0.6.2] AndroidManifest.xml:39:13-41:54
274                android:name="android.app.searchable"
274-->[com.jideguru:folioreader:0.6.2] AndroidManifest.xml:40:17-54
275                android:resource="@xml/searchable" />
275-->[com.jideguru:folioreader:0.6.2] AndroidManifest.xml:41:17-51
276        </activity>
277
278        <provider
278-->[com.github.codetoart:r2-streamer-kotlin:1.0.4-2] AndroidManifest.xml:22:9-25:40
279            android:name="org.readium.r2.streamer.ClientAppContext"
279-->[com.github.codetoart:r2-streamer-kotlin:1.0.4-2] AndroidManifest.xml:23:13-68
280            android:authorities="com.iqonic.bookkart.provider.clientappcontext"
280-->[com.github.codetoart:r2-streamer-kotlin:1.0.4-2] AndroidManifest.xml:24:13-77
281            android:exported="false" />
281-->[com.github.codetoart:r2-streamer-kotlin:1.0.4-2] AndroidManifest.xml:25:13-37
282
283        <service
283-->[androidx.work:work-runtime:2.5.0] AndroidManifest.xml:39:9-44:35
284            android:name="androidx.work.impl.background.systemalarm.SystemAlarmService"
284-->[androidx.work:work-runtime:2.5.0] AndroidManifest.xml:40:13-88
285            android:directBootAware="false"
285-->[androidx.work:work-runtime:2.5.0] AndroidManifest.xml:41:13-44
286            android:enabled="@bool/enable_system_alarm_service_default"
286-->[androidx.work:work-runtime:2.5.0] AndroidManifest.xml:42:13-72